Process 0 (that is, the initial process):
{1}new skI_sig: sign_sk;
{2}new skR_sig: sign_sk;
{3}new skR_kem: kem_sk;
{4}let pkI_sig: sign_pk = pk_sig(skI_sig) in
{5}let pkR_sig: sign_pk = pk_sig(skR_sig) in
{6}let pkR_kem: kem_pk = pk_kem(skR_kem) in
{7}out(cPub, pkI_sig);
{8}out(cPub, pkR_sig);
{9}out(cPub, pkR_kem);
(
    {10}!
    {11}let skI_sig_1: sign_sk = skI_sig in
    {12}new sk_eph: kem_sk;
    {13}let pk_eph: kem_pk = pk_kem(sk_eph) in
    {14}let M1: bitstring = (METHOD,SUITES,pk2b(pk_eph),C_I,EAD1) in
    {15}event S_STEP1_I_to_R(M1);
    {16}out(cIN, (METHOD,SUITES,pk_eph,C_I,EAD1));
    {17}in(cIN, (ct_eph: kem_ct,CIPH2: bitstring));
    {18}let ss_eph: kem_ss = kem_decaps(sk_eph,ct_eph) in
    {19}let TH2: bitstring = H((ct2b(ct_eph),H(M1))) in
    {20}let PRK_2e: bitstring = extract(TH2,ss2b(ss_eph)) in
    {21}let KEYSTREAM2: bitstring = kdf(PRK_2e,L0,TH2) in
    {22}let PT2_full: bitstring = stream_dec(KEYSTREAM2,CIPH2) in
    {23}let (=C_R,=ID_CRED_R,=TH2,=EAD2,sig2: sig) = PT2_full in
    {24}if (sverify(pkR_sig,(C_R,ID_CRED_R,TH2,EAD2),sig2) = true) then
    {25}event E_STEP2_R_to_I(sig2b(sig2),(ct2b(ct_eph),CIPH2),TH2);
    {26}new r_R: bitstring;
    {27}let ct_R: kem_ct = kem_ct_f(pkR_kem,r_R) in
    {28}let ss_R: kem_ss = kem_ss_f(pkR_kem,r_R) in
    {29}let SALT_3e2m: bitstring = kdf(PRK_2e,L1,TH2) in
    {30}let PRK_3e2m: bitstring = extract(SALT_3e2m,ss2b(ss_R)) in
    {31}let TH3: bitstring = H((TH2,PT2_full,ID_CRED_R)) in
    {32}let K3: bitstring = kdf(PRK_3e2m,L3,TH3) in
    {33}let IV3: bitstring = kdf(PRK_3e2m,L4,TH3) in
    {34}let MAC3: bitstring = kdf(PRK_3e2m,L6,(ID_CRED_I,TH3,EAD3)) in
    {35}let SIG3: sig = sign(skI_sig_1,(ID_CRED_I,TH3,EAD3,MAC3)) in
    {36}let PT3: bitstring = (ID_CRED_I,SIG3,EAD3) in
    {37}let CIPH3: bitstring = aead_enc(K3,IV3,TH3,PT3) in
    {38}let M3: bitstring = (ct_R,CIPH3) in
    {39}event S_STEP3_I_to_R(MAC3,(ct2b(ct_R),CIPH3),TH3);
    {40}out(cIN, M3);
    {41}let TH4: bitstring = H((TH3,PT3,ID_CRED_I)) in
    {42}let PRK_out: bitstring = kdf(PRK_3e2m,L7,TH4) in
    {43}let MSK: bitstring = kdf(PRK_out,L_MSK,TH4) in
    {44}out(cPub, senc(MSK,I));
    {45}out(cPub, senc(MSK,app_data1))
) | (
    {46}!
    {47}let skR_kem_1: kem_sk = skR_kem in
    {48}let skR_sig_1: sign_sk = skR_sig in
    {49}in(cIN, (=METHOD,=SUITES,pk_eph_1: kem_pk,=C_I,=EAD1));
    {50}let M1_1: bitstring = (METHOD,SUITES,pk2b(pk_eph_1),C_I,EAD1) in
    {51}event E_STEP1_I_to_R(M1_1);
    {52}new r_eph: bitstring;
    {53}let ct_eph_1: kem_ct = kem_ct_f(pk_eph_1,r_eph) in
    {54}let ss_eph_1: kem_ss = kem_ss_f(pk_eph_1,r_eph) in
    {55}let TH2_1: bitstring = H((ct2b(ct_eph_1),H(M1_1))) in
    {56}let PRK_2e_1: bitstring = extract(TH2_1,ss2b(ss_eph_1)) in
    {57}let KEYSTREAM2_1: bitstring = kdf(PRK_2e_1,L0,TH2_1) in
    {58}let SIG2: sig = sign(skR_sig_1,(C_R,ID_CRED_R,TH2_1,EAD2)) in
    {59}let PT2_full_1: bitstring = (C_R,ID_CRED_R,TH2_1,EAD2,SIG2) in
    {60}let CIPH2_1: bitstring = stream_enc(KEYSTREAM2_1,PT2_full_1) in
    {61}event S_STEP2_R_to_I(sig2b(SIG2),(ct2b(ct_eph_1),CIPH2_1),TH2_1);
    {62}out(cIN, (ct_eph_1,CIPH2_1));
    {63}in(cIN, (ct_R_1: kem_ct,CIPH3_1: bitstring));
    {64}let ss_R_1: kem_ss = kem_decaps(skR_kem_1,ct_R_1) in
    {65}let SALT_3e2m_1: bitstring = kdf(PRK_2e_1,L1,TH2_1) in
    {66}let PRK_3e2m_1: bitstring = extract(SALT_3e2m_1,ss2b(ss_R_1)) in
    {67}let TH3_1: bitstring = H((TH2_1,PT2_full_1,ID_CRED_R)) in
    {68}let K3_1: bitstring = kdf(PRK_3e2m_1,L3,TH3_1) in
    {69}let IV3_1: bitstring = kdf(PRK_3e2m_1,L4,TH3_1) in
    {70}let PT3_1: bitstring = aead_dec(K3_1,IV3_1,TH3_1,CIPH3_1) in
    {71}let (=ID_CRED_I,sig3: sig,=EAD3) = PT3_1 in
    {72}let MAC3_exp: bitstring = kdf(PRK_3e2m_1,L6,(ID_CRED_I,TH3_1,EAD3)) in
    {73}if (sverify(pkI_sig,(ID_CRED_I,TH3_1,EAD3,MAC3_exp),sig3) = true) then
    {74}event E_STEP3_I_to_R(MAC3_exp,(ct2b(ct_R_1),CIPH3_1),TH3_1);
    {75}let TH4_1: bitstring = H((TH3_1,PT3_1,ID_CRED_I)) in
    {76}let K4: bitstring = kdf(PRK_3e2m_1,L8,TH4_1) in
    {77}let IV4: bitstring = kdf(PRK_3e2m_1,L9,TH4_1) in
    {78}let M4: bitstring = aead_enc(K4,IV4,TH4_1,EAD4) in
    {79}out(cIN, M4);
    {80}let PRK_out_1: bitstring = kdf(PRK_3e2m_1,L7,TH4_1) in
    {81}let MSK_1: bitstring = kdf(PRK_out_1,L_MSK,TH4_1) in
    {82}out(cPub, senc(MSK_1,R));
    {83}out(cPub, senc(MSK_1,app_data2));
    {84}event AAA_Request(RAD_USER);
    {85}out(cNA, (RAD_USER,RAD_PASS));
    {86}in(cNA, (u: bitstring,ok: bitstring));
    {87}if ((u = RAD_USER) && (ok = RAD_PASS)) then
    {88}event AAA_Accept(RAD_USER)
) | (
    {89}!
    {90}in(cNA, (u_1: bitstring,p: bitstring));
    {91}if ((u_1 = RAD_USER) && (p = RAD_PASS)) then
    {92}out(cNA, (u_1,p))
)

--  Process 1 (that is, process 0, with let moved downwards):
{1}new skI_sig: sign_sk;
{2}new skR_sig: sign_sk;
{3}new skR_kem: kem_sk;
{4}let pkI_sig: sign_pk = pk_sig(skI_sig) in
{7}out(cPub, pkI_sig);
{5}let pkR_sig: sign_pk = pk_sig(skR_sig) in
{8}out(cPub, pkR_sig);
{6}let pkR_kem: kem_pk = pk_kem(skR_kem) in
{9}out(cPub, pkR_kem);
(
    {10}!
    {12}new sk_eph: kem_sk;
    {13}let pk_eph: kem_pk = pk_kem(sk_eph) in
    {14}let M1: bitstring = (METHOD,SUITES,pk2b(pk_eph),C_I,EAD1) in
    {15}event S_STEP1_I_to_R(M1);
    {16}out(cIN, (METHOD,SUITES,pk_eph,C_I,EAD1));
    {17}in(cIN, (ct_eph: kem_ct,CIPH2: bitstring));
    {18}let ss_eph: kem_ss = kem_decaps(sk_eph,ct_eph) in
    {19}let TH2: bitstring = H((ct2b(ct_eph),H(M1))) in
    {20}let PRK_2e: bitstring = extract(TH2,ss2b(ss_eph)) in
    {21}let KEYSTREAM2: bitstring = kdf(PRK_2e,L0,TH2) in
    {22}let PT2_full: bitstring = stream_dec(KEYSTREAM2,CIPH2) in
    {23}let (=C_R,=ID_CRED_R,=TH2,=EAD2,sig2: sig) = PT2_full in
    {24}if (sverify(pkR_sig,(C_R,ID_CRED_R,TH2,EAD2),sig2) = true) then
    {25}event E_STEP2_R_to_I(sig2b(sig2),(ct2b(ct_eph),CIPH2),TH2);
    {26}new r_R: bitstring;
    {31}let TH3: bitstring = H((TH2,PT2_full,ID_CRED_R)) in
    {29}let SALT_3e2m: bitstring = kdf(PRK_2e,L1,TH2) in
    {28}let ss_R: kem_ss = kem_ss_f(pkR_kem,r_R) in
    {30}let PRK_3e2m: bitstring = extract(SALT_3e2m,ss2b(ss_R)) in
    {34}let MAC3: bitstring = kdf(PRK_3e2m,L6,(ID_CRED_I,TH3,EAD3)) in
    {11}let skI_sig_1: sign_sk = skI_sig in
    {35}let SIG3: sig = sign(skI_sig_1,(ID_CRED_I,TH3,EAD3,MAC3)) in
    {36}let PT3: bitstring = (ID_CRED_I,SIG3,EAD3) in
    {33}let IV3: bitstring = kdf(PRK_3e2m,L4,TH3) in
    {32}let K3: bitstring = kdf(PRK_3e2m,L3,TH3) in
    {37}let CIPH3: bitstring = aead_enc(K3,IV3,TH3,PT3) in
    {27}let ct_R: kem_ct = kem_ct_f(pkR_kem,r_R) in
    {39}event S_STEP3_I_to_R(MAC3,(ct2b(ct_R),CIPH3),TH3);
    {38}let M3: bitstring = (ct_R,CIPH3) in
    {40}out(cIN, M3);
    {41}let TH4: bitstring = H((TH3,PT3,ID_CRED_I)) in
    {42}let PRK_out: bitstring = kdf(PRK_3e2m,L7,TH4) in
    {43}let MSK: bitstring = kdf(PRK_out,L_MSK,TH4) in
    {44}out(cPub, senc(MSK,I));
    {45}out(cPub, senc(MSK,app_data1))
) | (
    {46}!
    {49}in(cIN, (=METHOD,=SUITES,pk_eph_1: kem_pk,=C_I,=EAD1));
    {50}let M1_1: bitstring = (METHOD,SUITES,pk2b(pk_eph_1),C_I,EAD1) in
    {51}event E_STEP1_I_to_R(M1_1);
    {52}new r_eph: bitstring;
    {53}let ct_eph_1: kem_ct = kem_ct_f(pk_eph_1,r_eph) in
    {55}let TH2_1: bitstring = H((ct2b(ct_eph_1),H(M1_1))) in
    {48}let skR_sig_1: sign_sk = skR_sig in
    {58}let SIG2: sig = sign(skR_sig_1,(C_R,ID_CRED_R,TH2_1,EAD2)) in
    {59}let PT2_full_1: bitstring = (C_R,ID_CRED_R,TH2_1,EAD2,SIG2) in
    {54}let ss_eph_1: kem_ss = kem_ss_f(pk_eph_1,r_eph) in
    {56}let PRK_2e_1: bitstring = extract(TH2_1,ss2b(ss_eph_1)) in
    {57}let KEYSTREAM2_1: bitstring = kdf(PRK_2e_1,L0,TH2_1) in
    {60}let CIPH2_1: bitstring = stream_enc(KEYSTREAM2_1,PT2_full_1) in
    {61}event S_STEP2_R_to_I(sig2b(SIG2),(ct2b(ct_eph_1),CIPH2_1),TH2_1);
    {62}out(cIN, (ct_eph_1,CIPH2_1));
    {63}in(cIN, (ct_R_1: kem_ct,CIPH3_1: bitstring));
    {47}let skR_kem_1: kem_sk = skR_kem in
    {64}let ss_R_1: kem_ss = kem_decaps(skR_kem_1,ct_R_1) in
    {67}let TH3_1: bitstring = H((TH2_1,PT2_full_1,ID_CRED_R)) in
    {65}let SALT_3e2m_1: bitstring = kdf(PRK_2e_1,L1,TH2_1) in
    {66}let PRK_3e2m_1: bitstring = extract(SALT_3e2m_1,ss2b(ss_R_1)) in
    {69}let IV3_1: bitstring = kdf(PRK_3e2m_1,L4,TH3_1) in
    {68}let K3_1: bitstring = kdf(PRK_3e2m_1,L3,TH3_1) in
    {70}let PT3_1: bitstring = aead_dec(K3_1,IV3_1,TH3_1,CIPH3_1) in
    {71}let (=ID_CRED_I,sig3: sig,=EAD3) = PT3_1 in
    {72}let MAC3_exp: bitstring = kdf(PRK_3e2m_1,L6,(ID_CRED_I,TH3_1,EAD3)) in
    {73}if (sverify(pkI_sig,(ID_CRED_I,TH3_1,EAD3,MAC3_exp),sig3) = true) then
    {74}event E_STEP3_I_to_R(MAC3_exp,(ct2b(ct_R_1),CIPH3_1),TH3_1);
    {75}let TH4_1: bitstring = H((TH3_1,PT3_1,ID_CRED_I)) in
    {77}let IV4: bitstring = kdf(PRK_3e2m_1,L9,TH4_1) in
    {76}let K4: bitstring = kdf(PRK_3e2m_1,L8,TH4_1) in
    {78}let M4: bitstring = aead_enc(K4,IV4,TH4_1,EAD4) in
    {79}out(cIN, M4);
    {80}let PRK_out_1: bitstring = kdf(PRK_3e2m_1,L7,TH4_1) in
    {81}let MSK_1: bitstring = kdf(PRK_out_1,L_MSK,TH4_1) in
    {82}out(cPub, senc(MSK_1,R));
    {83}out(cPub, senc(MSK_1,app_data2));
    {84}event AAA_Request(RAD_USER);
    {85}out(cNA, (RAD_USER,RAD_PASS));
    {86}in(cNA, (u: bitstring,ok: bitstring));
    {87}if ((u = RAD_USER) && (ok = RAD_PASS)) then
    {88}event AAA_Accept(RAD_USER)
) | (
    {89}!
    {90}in(cNA, (u_1: bitstring,p: bitstring));
    {91}if ((u_1 = RAD_USER) && (p = RAD_PASS)) then
    {92}out(cNA, (u_1,p))
)

-- Query inj-event(E_STEP1_I_to_R(m)) ==> inj-event(S_STEP1_I_to_R(m)) in process 1.
Translating the process into Horn clauses...
Completing...
200 rules inserted. Base: 168 rules (69 with conclusion selected). Queue: 15 rules.
400 rules inserted. Base: 301 rules (70 with conclusion selected). Queue: 10 rules.
Starting query inj-event(E_STEP1_I_to_R(m)) ==> inj-event(S_STEP1_I_to_R(m))
goal reachable: attacker(pk_eph_2) -> inj-event(E_STEP1_I_to_R((METHOD[],SUITES[],pk2b(pk_eph_2),C_I[],EAD1[])),@occ51_1)
Abbreviations:
@occ51_1 = @occ51[pk_eph_1 = pk_eph_2,!1 = @sid]

Derivation:
Abbreviations:
@occ51_1 = @occ51[pk_eph_1 = pk_eph_2,!1 = @sid]

1. The attacker initially knows EAD1[].
attacker(EAD1[]).

2. The attacker initially knows C_I[].
attacker(C_I[]).

3. We assume as hypothesis that
attacker(pk_eph_2).

4. The attacker initially knows SUITES[].
attacker(SUITES[]).

5. The attacker initially knows METHOD[].
attacker(METHOD[]).

6. By 5, the attacker may know METHOD[].
By 4, the attacker may know SUITES[].
By 3, the attacker may know pk_eph_2.
By 2, the attacker may know C_I[].
By 1, the attacker may know EAD1[].
Using the function 5-tuple the attacker may obtain (METHOD[],SUITES[],pk_eph_2,C_I[],EAD1[]).
attacker((METHOD[],SUITES[],pk_eph_2,C_I[],EAD1[])).

7. The message (METHOD[],SUITES[],pk_eph_2,C_I[],EAD1[]) that the attacker may have by 6 may be received at input {49}.
So event E_STEP1_I_to_R((METHOD[],SUITES[],pk2b(pk_eph_2),C_I[],EAD1[])) may be executed at {51} in session @sid.
inj-event(E_STEP1_I_to_R((METHOD[],SUITES[],pk2b(pk_eph_2),C_I[],EAD1[])),@occ51_1).

8. By 7, inj-event(E_STEP1_I_to_R((METHOD[],SUITES[],pk2b(pk_eph_2),C_I[],EAD1[])),@occ51_1).
The goal is reached, represented in the following fact:
inj-event(E_STEP1_I_to_R((METHOD[],SUITES[],pk2b(pk_eph_2),C_I[],EAD1[])),@occ51_1).


A more detailed output of the traces is available with
  set traceDisplay = long.

new skI_sig: sign_sk creating skI_sig_2 at {1}

new skR_sig: sign_sk creating skR_sig_2 at {2}

new skR_kem: kem_sk creating skR_kem_2 at {3}

out(cPub, ~M) with ~M = pk_sig(skI_sig_2) at {7}

out(cPub, ~M_1) with ~M_1 = pk_sig(skR_sig_2) at {8}

out(cPub, ~M_2) with ~M_2 = pk_kem(skR_kem_2) at {9}

in(cIN, (METHOD,SUITES,a,C_I,EAD1)) at {49} in copy a_1

event E_STEP1_I_to_R((METHOD,SUITES,pk2b(a),C_I,EAD1)) at {51} in copy a_1 (goal)

The event E_STEP1_I_to_R((METHOD,SUITES,pk2b(a),C_I,EAD1)) is executed at {51} in copy a_1.
A trace has been found.
RESULT inj-event(E_STEP1_I_to_R(m)) ==> inj-event(S_STEP1_I_to_R(m)) is false.
RESULT (even event(E_STEP1_I_to_R(m)) ==> event(S_STEP1_I_to_R(m)) is false.)
-- Query inj-event(E_STEP2_R_to_I(mac,msg,th)) ==> inj-event(S_STEP2_R_to_I(mac,msg,th)) in process 1.
Translating the process into Horn clauses...
Completing...
200 rules inserted. Base: 167 rules (69 with conclusion selected). Queue: 16 rules.
400 rules inserted. Base: 301 rules (70 with conclusion selected). Queue: 25 rules.
Starting query inj-event(E_STEP2_R_to_I(mac,msg,th)) ==> inj-event(S_STEP2_R_to_I(mac,msg,th))
goal reachable: b-inj-event(S_STEP2_R_to_I(sig2b(sign(skR_sig[],(C_R[],ID_CRED_R[],H((ct2b(kem_ct_f(pk_kem(sk_eph_1),r_eph_1)),H((METHOD[],SUITES[],pk2b(pk_kem(sk_eph_1)),C_I[],EAD1[])))),EAD2[]))),(ct2b(kem_ct_f(pk_kem(sk_eph_1),r_eph_1)),stream_enc(kdf(extract(H((ct2b(kem_ct_f(pk_kem(sk_eph_1),r_eph_1)),H((METHOD[],SUITES[],pk2b(pk_kem(sk_eph_1)),C_I[],EAD1[])))),ss2b(kem_ss_f(pk_kem(sk_eph_1),r_eph_1))),L0,H((ct2b(kem_ct_f(pk_kem(sk_eph_1),r_eph_1)),H((METHOD[],SUITES[],pk2b(pk_kem(sk_eph_1)),C_I[],EAD1[]))))),(C_R[],ID_CRED_R[],H((ct2b(kem_ct_f(pk_kem(sk_eph_1),r_eph_1)),H((METHOD[],SUITES[],pk2b(pk_kem(sk_eph_1)),C_I[],EAD1[])))),EAD2[],sign(skR_sig[],(C_R[],ID_CRED_R[],H((ct2b(kem_ct_f(pk_kem(sk_eph_1),r_eph_1)),H((METHOD[],SUITES[],pk2b(pk_kem(sk_eph_1)),C_I[],EAD1[])))),EAD2[]))))),H((ct2b(kem_ct_f(pk_kem(sk_eph_1),r_eph_1)),H((METHOD[],SUITES[],pk2b(pk_kem(sk_eph_1)),C_I[],EAD1[]))))),@occ61_1) -> inj-event(E_STEP2_R_to_I(sig2b(sign(skR_sig[],(C_R[],ID_CRED_R[],H((ct2b(kem_ct_f(pk_kem(sk_eph_1),r_eph_1)),H((METHOD[],SUITES[],pk2b(pk_kem(sk_eph_1)),C_I[],EAD1[])))),EAD2[]))),(ct2b(kem_ct_f(pk_kem(sk_eph_1),r_eph_1)),stream_enc(kdf(extract(H((ct2b(kem_ct_f(pk_kem(sk_eph_1),r_eph_1)),H((METHOD[],SUITES[],pk2b(pk_kem(sk_eph_1)),C_I[],EAD1[])))),ss2b(kem_ss_f(pk_kem(sk_eph_1),r_eph_1))),L0,H((ct2b(kem_ct_f(pk_kem(sk_eph_1),r_eph_1)),H((METHOD[],SUITES[],pk2b(pk_kem(sk_eph_1)),C_I[],EAD1[]))))),(C_R[],ID_CRED_R[],H((ct2b(kem_ct_f(pk_kem(sk_eph_1),r_eph_1)),H((METHOD[],SUITES[],pk2b(pk_kem(sk_eph_1)),C_I[],EAD1[])))),EAD2[],sign(skR_sig[],(C_R[],ID_CRED_R[],H((ct2b(kem_ct_f(pk_kem(sk_eph_1),r_eph_1)),H((METHOD[],SUITES[],pk2b(pk_kem(sk_eph_1)),C_I[],EAD1[])))),EAD2[]))))),H((ct2b(kem_ct_f(pk_kem(sk_eph_1),r_eph_1)),H((METHOD[],SUITES[],pk2b(pk_kem(sk_eph_1)),C_I[],EAD1[]))))),@occ25_1)
The hypothesis occurs strictly before the conclusion.
Abbreviations:
sk_eph_1 = sk_eph[!1 = @sid]
r_eph_1 = r_eph[pk_eph_1 = pk_kem(sk_eph_1),!1 = @sid_1]
@occ25_1 = @occ25[CIPH2 = stream_enc(kdf(extract(H((ct2b(kem_ct_f(pk_kem(sk_eph_1),r_eph_1)),H((METHOD[],SUITES[],pk2b(pk_kem(sk_eph_1)),C_I[],EAD1[])))),ss2b(kem_ss_f(pk_kem(sk_eph_1),r_eph_1))),L0,H((ct2b(kem_ct_f(pk_kem(sk_eph_1),r_eph_1)),H((METHOD[],SUITES[],pk2b(pk_kem(sk_eph_1)),C_I[],EAD1[]))))),(C_R[],ID_CRED_R[],H((ct2b(kem_ct_f(pk_kem(sk_eph_1),r_eph_1)),H((METHOD[],SUITES[],pk2b(pk_kem(sk_eph_1)),C_I[],EAD1[])))),EAD2[],sign(skR_sig[],(C_R[],ID_CRED_R[],H((ct2b(kem_ct_f(pk_kem(sk_eph_1),r_eph_1)),H((METHOD[],SUITES[],pk2b(pk_kem(sk_eph_1)),C_I[],EAD1[])))),EAD2[])))),ct_eph = kem_ct_f(pk_kem(sk_eph_1),r_eph_1),!1 = @sid]
@occ61_1 = @occ61[pk_eph_1 = pk_kem(sk_eph_1),!1 = @sid_1]
RESULT inj-event(E_STEP2_R_to_I(mac,msg,th)) ==> inj-event(S_STEP2_R_to_I(mac,msg,th)) is true.
-- Query inj-event(E_STEP3_I_to_R(mac,msg,th)) ==> inj-event(S_STEP3_I_to_R(mac,msg,th)) in process 1.
Translating the process into Horn clauses...
Completing...
200 rules inserted. Base: 166 rules (69 with conclusion selected). Queue: 16 rules.
400 rules inserted. Base: 309 rules (70 with conclusion selected). Queue: 23 rules.
Starting query inj-event(E_STEP3_I_to_R(mac,msg,th)) ==> inj-event(S_STEP3_I_to_R(mac,msg,th))
goal reachable: b-inj-event(S_STEP3_I_to_R(kdf(extract(kdf(extract(H((ct2b(kem_ct_f(pk_kem(sk_eph_1),r_eph_1)),H((METHOD[],SUITES[],pk2b(pk_kem(sk_eph_1)),C_I[],EAD1[])))),ss2b(kem_ss_f(pk_kem(sk_eph_1),r_eph_1))),L1,H((ct2b(kem_ct_f(pk_kem(sk_eph_1),r_eph_1)),H((METHOD[],SUITES[],pk2b(pk_kem(sk_eph_1)),C_I[],EAD1[]))))),ss2b(kem_ss_f(pk_kem(skR_kem[]),r_R_1))),L6,(ID_CRED_I[],H((H((ct2b(kem_ct_f(pk_kem(sk_eph_1),r_eph_1)),H((METHOD[],SUITES[],pk2b(pk_kem(sk_eph_1)),C_I[],EAD1[])))),(C_R[],ID_CRED_R[],H((ct2b(kem_ct_f(pk_kem(sk_eph_1),r_eph_1)),H((METHOD[],SUITES[],pk2b(pk_kem(sk_eph_1)),C_I[],EAD1[])))),EAD2[],sign(skR_sig[],(C_R[],ID_CRED_R[],H((ct2b(kem_ct_f(pk_kem(sk_eph_1),r_eph_1)),H((METHOD[],SUITES[],pk2b(pk_kem(sk_eph_1)),C_I[],EAD1[])))),EAD2[]))),ID_CRED_R[])),EAD3[])),(ct2b(kem_ct_f(pk_kem(skR_kem[]),r_R_1)),aead_enc(kdf(extract(kdf(extract(H((ct2b(kem_ct_f(pk_kem(sk_eph_1),r_eph_1)),H((METHOD[],SUITES[],pk2b(pk_kem(sk_eph_1)),C_I[],EAD1[])))),ss2b(kem_ss_f(pk_kem(sk_eph_1),r_eph_1))),L1,H((ct2b(kem_ct_f(pk_kem(sk_eph_1),r_eph_1)),H((METHOD[],SUITES[],pk2b(pk_kem(sk_eph_1)),C_I[],EAD1[]))))),ss2b(kem_ss_f(pk_kem(skR_kem[]),r_R_1))),L3,H((H((ct2b(kem_ct_f(pk_kem(sk_eph_1),r_eph_1)),H((METHOD[],SUITES[],pk2b(pk_kem(sk_eph_1)),C_I[],EAD1[])))),(C_R[],ID_CRED_R[],H((ct2b(kem_ct_f(pk_kem(sk_eph_1),r_eph_1)),H((METHOD[],SUITES[],pk2b(pk_kem(sk_eph_1)),C_I[],EAD1[])))),EAD2[],sign(skR_sig[],(C_R[],ID_CRED_R[],H((ct2b(kem_ct_f(pk_kem(sk_eph_1),r_eph_1)),H((METHOD[],SUITES[],pk2b(pk_kem(sk_eph_1)),C_I[],EAD1[])))),EAD2[]))),ID_CRED_R[]))),kdf(extract(kdf(extract(H((ct2b(kem_ct_f(pk_kem(sk_eph_1),r_eph_1)),H((METHOD[],SUITES[],pk2b(pk_kem(sk_eph_1)),C_I[],EAD1[])))),ss2b(kem_ss_f(pk_kem(sk_eph_1),r_eph_1))),L1,H((ct2b(kem_ct_f(pk_kem(sk_eph_1),r_eph_1)),H((METHOD[],SUITES[],pk2b(pk_kem(sk_eph_1)),C_I[],EAD1[]))))),ss2b(kem_ss_f(pk_kem(skR_kem[]),r_R_1))),L4,H((H((ct2b(kem_ct_f(pk_kem(sk_eph_1),r_eph_1)),H((METHOD[],SUITES[],pk2b(pk_kem(sk_eph_1)),C_I[],EAD1[])))),(C_R[],ID_CRED_R[],H((ct2b(kem_ct_f(pk_kem(sk_eph_1),r_eph_1)),H((METHOD[],SUITES[],pk2b(pk_kem(sk_eph_1)),C_I[],EAD1[])))),EAD2[],sign(skR_sig[],(C_R[],ID_CRED_R[],H((ct2b(kem_ct_f(pk_kem(sk_eph_1),r_eph_1)),H((METHOD[],SUITES[],pk2b(pk_kem(sk_eph_1)),C_I[],EAD1[])))),EAD2[]))),ID_CRED_R[]))),H((H((ct2b(kem_ct_f(pk_kem(sk_eph_1),r_eph_1)),H((METHOD[],SUITES[],pk2b(pk_kem(sk_eph_1)),C_I[],EAD1[])))),(C_R[],ID_CRED_R[],H((ct2b(kem_ct_f(pk_kem(sk_eph_1),r_eph_1)),H((METHOD[],SUITES[],pk2b(pk_kem(sk_eph_1)),C_I[],EAD1[])))),EAD2[],sign(skR_sig[],(C_R[],ID_CRED_R[],H((ct2b(kem_ct_f(pk_kem(sk_eph_1),r_eph_1)),H((METHOD[],SUITES[],pk2b(pk_kem(sk_eph_1)),C_I[],EAD1[])))),EAD2[]))),ID_CRED_R[])),(ID_CRED_I[],sign(skI_sig[],(ID_CRED_I[],H((H((ct2b(kem_ct_f(pk_kem(sk_eph_1),r_eph_1)),H((METHOD[],SUITES[],pk2b(pk_kem(sk_eph_1)),C_I[],EAD1[])))),(C_R[],ID_CRED_R[],H((ct2b(kem_ct_f(pk_kem(sk_eph_1),r_eph_1)),H((METHOD[],SUITES[],pk2b(pk_kem(sk_eph_1)),C_I[],EAD1[])))),EAD2[],sign(skR_sig[],(C_R[],ID_CRED_R[],H((ct2b(kem_ct_f(pk_kem(sk_eph_1),r_eph_1)),H((METHOD[],SUITES[],pk2b(pk_kem(sk_eph_1)),C_I[],EAD1[])))),EAD2[]))),ID_CRED_R[])),EAD3[],kdf(extract(kdf(extract(H((ct2b(kem_ct_f(pk_kem(sk_eph_1),r_eph_1)),H((METHOD[],SUITES[],pk2b(pk_kem(sk_eph_1)),C_I[],EAD1[])))),ss2b(kem_ss_f(pk_kem(sk_eph_1),r_eph_1))),L1,H((ct2b(kem_ct_f(pk_kem(sk_eph_1),r_eph_1)),H((METHOD[],SUITES[],pk2b(pk_kem(sk_eph_1)),C_I[],EAD1[]))))),ss2b(kem_ss_f(pk_kem(skR_kem[]),r_R_1))),L6,(ID_CRED_I[],H((H((ct2b(kem_ct_f(pk_kem(sk_eph_1),r_eph_1)),H((METHOD[],SUITES[],pk2b(pk_kem(sk_eph_1)),C_I[],EAD1[])))),(C_R[],ID_CRED_R[],H((ct2b(kem_ct_f(pk_kem(sk_eph_1),r_eph_1)),H((METHOD[],SUITES[],pk2b(pk_kem(sk_eph_1)),C_I[],EAD1[])))),EAD2[],sign(skR_sig[],(C_R[],ID_CRED_R[],H((ct2b(kem_ct_f(pk_kem(sk_eph_1),r_eph_1)),H((METHOD[],SUITES[],pk2b(pk_kem(sk_eph_1)),C_I[],EAD1[])))),EAD2[]))),ID_CRED_R[])),EAD3[])))),EAD3[]))),H((H((ct2b(kem_ct_f(pk_kem(sk_eph_1),r_eph_1)),H((METHOD[],SUITES[],pk2b(pk_kem(sk_eph_1)),C_I[],EAD1[])))),(C_R[],ID_CRED_R[],H((ct2b(kem_ct_f(pk_kem(sk_eph_1),r_eph_1)),H((METHOD[],SUITES[],pk2b(pk_kem(sk_eph_1)),C_I[],EAD1[])))),EAD2[],sign(skR_sig[],(C_R[],ID_CRED_R[],H((ct2b(kem_ct_f(pk_kem(sk_eph_1),r_eph_1)),H((METHOD[],SUITES[],pk2b(pk_kem(sk_eph_1)),C_I[],EAD1[])))),EAD2[]))),ID_CRED_R[]))),@occ39_1) -> inj-event(E_STEP3_I_to_R(kdf(extract(kdf(extract(H((ct2b(kem_ct_f(pk_kem(sk_eph_1),r_eph_1)),H((METHOD[],SUITES[],pk2b(pk_kem(sk_eph_1)),C_I[],EAD1[])))),ss2b(kem_ss_f(pk_kem(sk_eph_1),r_eph_1))),L1,H((ct2b(kem_ct_f(pk_kem(sk_eph_1),r_eph_1)),H((METHOD[],SUITES[],pk2b(pk_kem(sk_eph_1)),C_I[],EAD1[]))))),ss2b(kem_ss_f(pk_kem(skR_kem[]),r_R_1))),L6,(ID_CRED_I[],H((H((ct2b(kem_ct_f(pk_kem(sk_eph_1),r_eph_1)),H((METHOD[],SUITES[],pk2b(pk_kem(sk_eph_1)),C_I[],EAD1[])))),(C_R[],ID_CRED_R[],H((ct2b(kem_ct_f(pk_kem(sk_eph_1),r_eph_1)),H((METHOD[],SUITES[],pk2b(pk_kem(sk_eph_1)),C_I[],EAD1[])))),EAD2[],sign(skR_sig[],(C_R[],ID_CRED_R[],H((ct2b(kem_ct_f(pk_kem(sk_eph_1),r_eph_1)),H((METHOD[],SUITES[],pk2b(pk_kem(sk_eph_1)),C_I[],EAD1[])))),EAD2[]))),ID_CRED_R[])),EAD3[])),(ct2b(kem_ct_f(pk_kem(skR_kem[]),r_R_1)),aead_enc(kdf(extract(kdf(extract(H((ct2b(kem_ct_f(pk_kem(sk_eph_1),r_eph_1)),H((METHOD[],SUITES[],pk2b(pk_kem(sk_eph_1)),C_I[],EAD1[])))),ss2b(kem_ss_f(pk_kem(sk_eph_1),r_eph_1))),L1,H((ct2b(kem_ct_f(pk_kem(sk_eph_1),r_eph_1)),H((METHOD[],SUITES[],pk2b(pk_kem(sk_eph_1)),C_I[],EAD1[]))))),ss2b(kem_ss_f(pk_kem(skR_kem[]),r_R_1))),L3,H((H((ct2b(kem_ct_f(pk_kem(sk_eph_1),r_eph_1)),H((METHOD[],SUITES[],pk2b(pk_kem(sk_eph_1)),C_I[],EAD1[])))),(C_R[],ID_CRED_R[],H((ct2b(kem_ct_f(pk_kem(sk_eph_1),r_eph_1)),H((METHOD[],SUITES[],pk2b(pk_kem(sk_eph_1)),C_I[],EAD1[])))),EAD2[],sign(skR_sig[],(C_R[],ID_CRED_R[],H((ct2b(kem_ct_f(pk_kem(sk_eph_1),r_eph_1)),H((METHOD[],SUITES[],pk2b(pk_kem(sk_eph_1)),C_I[],EAD1[])))),EAD2[]))),ID_CRED_R[]))),kdf(extract(kdf(extract(H((ct2b(kem_ct_f(pk_kem(sk_eph_1),r_eph_1)),H((METHOD[],SUITES[],pk2b(pk_kem(sk_eph_1)),C_I[],EAD1[])))),ss2b(kem_ss_f(pk_kem(sk_eph_1),r_eph_1))),L1,H((ct2b(kem_ct_f(pk_kem(sk_eph_1),r_eph_1)),H((METHOD[],SUITES[],pk2b(pk_kem(sk_eph_1)),C_I[],EAD1[]))))),ss2b(kem_ss_f(pk_kem(skR_kem[]),r_R_1))),L4,H((H((ct2b(kem_ct_f(pk_kem(sk_eph_1),r_eph_1)),H((METHOD[],SUITES[],pk2b(pk_kem(sk_eph_1)),C_I[],EAD1[])))),(C_R[],ID_CRED_R[],H((ct2b(kem_ct_f(pk_kem(sk_eph_1),r_eph_1)),H((METHOD[],SUITES[],pk2b(pk_kem(sk_eph_1)),C_I[],EAD1[])))),EAD2[],sign(skR_sig[],(C_R[],ID_CRED_R[],H((ct2b(kem_ct_f(pk_kem(sk_eph_1),r_eph_1)),H((METHOD[],SUITES[],pk2b(pk_kem(sk_eph_1)),C_I[],EAD1[])))),EAD2[]))),ID_CRED_R[]))),H((H((ct2b(kem_ct_f(pk_kem(sk_eph_1),r_eph_1)),H((METHOD[],SUITES[],pk2b(pk_kem(sk_eph_1)),C_I[],EAD1[])))),(C_R[],ID_CRED_R[],H((ct2b(kem_ct_f(pk_kem(sk_eph_1),r_eph_1)),H((METHOD[],SUITES[],pk2b(pk_kem(sk_eph_1)),C_I[],EAD1[])))),EAD2[],sign(skR_sig[],(C_R[],ID_CRED_R[],H((ct2b(kem_ct_f(pk_kem(sk_eph_1),r_eph_1)),H((METHOD[],SUITES[],pk2b(pk_kem(sk_eph_1)),C_I[],EAD1[])))),EAD2[]))),ID_CRED_R[])),(ID_CRED_I[],sign(skI_sig[],(ID_CRED_I[],H((H((ct2b(kem_ct_f(pk_kem(sk_eph_1),r_eph_1)),H((METHOD[],SUITES[],pk2b(pk_kem(sk_eph_1)),C_I[],EAD1[])))),(C_R[],ID_CRED_R[],H((ct2b(kem_ct_f(pk_kem(sk_eph_1),r_eph_1)),H((METHOD[],SUITES[],pk2b(pk_kem(sk_eph_1)),C_I[],EAD1[])))),EAD2[],sign(skR_sig[],(C_R[],ID_CRED_R[],H((ct2b(kem_ct_f(pk_kem(sk_eph_1),r_eph_1)),H((METHOD[],SUITES[],pk2b(pk_kem(sk_eph_1)),C_I[],EAD1[])))),EAD2[]))),ID_CRED_R[])),EAD3[],kdf(extract(kdf(extract(H((ct2b(kem_ct_f(pk_kem(sk_eph_1),r_eph_1)),H((METHOD[],SUITES[],pk2b(pk_kem(sk_eph_1)),C_I[],EAD1[])))),ss2b(kem_ss_f(pk_kem(sk_eph_1),r_eph_1))),L1,H((ct2b(kem_ct_f(pk_kem(sk_eph_1),r_eph_1)),H((METHOD[],SUITES[],pk2b(pk_kem(sk_eph_1)),C_I[],EAD1[]))))),ss2b(kem_ss_f(pk_kem(skR_kem[]),r_R_1))),L6,(ID_CRED_I[],H((H((ct2b(kem_ct_f(pk_kem(sk_eph_1),r_eph_1)),H((METHOD[],SUITES[],pk2b(pk_kem(sk_eph_1)),C_I[],EAD1[])))),(C_R[],ID_CRED_R[],H((ct2b(kem_ct_f(pk_kem(sk_eph_1),r_eph_1)),H((METHOD[],SUITES[],pk2b(pk_kem(sk_eph_1)),C_I[],EAD1[])))),EAD2[],sign(skR_sig[],(C_R[],ID_CRED_R[],H((ct2b(kem_ct_f(pk_kem(sk_eph_1),r_eph_1)),H((METHOD[],SUITES[],pk2b(pk_kem(sk_eph_1)),C_I[],EAD1[])))),EAD2[]))),ID_CRED_R[])),EAD3[])))),EAD3[]))),H((H((ct2b(kem_ct_f(pk_kem(sk_eph_1),r_eph_1)),H((METHOD[],SUITES[],pk2b(pk_kem(sk_eph_1)),C_I[],EAD1[])))),(C_R[],ID_CRED_R[],H((ct2b(kem_ct_f(pk_kem(sk_eph_1),r_eph_1)),H((METHOD[],SUITES[],pk2b(pk_kem(sk_eph_1)),C_I[],EAD1[])))),EAD2[],sign(skR_sig[],(C_R[],ID_CRED_R[],H((ct2b(kem_ct_f(pk_kem(sk_eph_1),r_eph_1)),H((METHOD[],SUITES[],pk2b(pk_kem(sk_eph_1)),C_I[],EAD1[])))),EAD2[]))),ID_CRED_R[]))),@occ74_1)
The hypothesis occurs strictly before the conclusion.
Abbreviations:
sk_eph_1 = sk_eph[!1 = @sid]
r_eph_1 = r_eph[pk_eph_1 = pk_kem(sk_eph_1),!1 = @sid_1]
r_R_1 = r_R[CIPH2 = stream_enc(kdf(extract(H((ct2b(kem_ct_f(pk_kem(sk_eph_1),r_eph_1)),H((METHOD[],SUITES[],pk2b(pk_kem(sk_eph_1)),C_I[],EAD1[])))),ss2b(kem_ss_f(pk_kem(sk_eph_1),r_eph_1))),L0,H((ct2b(kem_ct_f(pk_kem(sk_eph_1),r_eph_1)),H((METHOD[],SUITES[],pk2b(pk_kem(sk_eph_1)),C_I[],EAD1[]))))),(C_R[],ID_CRED_R[],H((ct2b(kem_ct_f(pk_kem(sk_eph_1),r_eph_1)),H((METHOD[],SUITES[],pk2b(pk_kem(sk_eph_1)),C_I[],EAD1[])))),EAD2[],sign(skR_sig[],(C_R[],ID_CRED_R[],H((ct2b(kem_ct_f(pk_kem(sk_eph_1),r_eph_1)),H((METHOD[],SUITES[],pk2b(pk_kem(sk_eph_1)),C_I[],EAD1[])))),EAD2[])))),ct_eph = kem_ct_f(pk_kem(sk_eph_1),r_eph_1),!1 = @sid]
@occ74_1 = @occ74[CIPH3_1 = aead_enc(kdf(extract(kdf(extract(H((ct2b(kem_ct_f(pk_kem(sk_eph_1),r_eph_1)),H((METHOD[],SUITES[],pk2b(pk_kem(sk_eph_1)),C_I[],EAD1[])))),ss2b(kem_ss_f(pk_kem(sk_eph_1),r_eph_1))),L1,H((ct2b(kem_ct_f(pk_kem(sk_eph_1),r_eph_1)),H((METHOD[],SUITES[],pk2b(pk_kem(sk_eph_1)),C_I[],EAD1[]))))),ss2b(kem_ss_f(pk_kem(skR_kem[]),r_R_1))),L3,H((H((ct2b(kem_ct_f(pk_kem(sk_eph_1),r_eph_1)),H((METHOD[],SUITES[],pk2b(pk_kem(sk_eph_1)),C_I[],EAD1[])))),(C_R[],ID_CRED_R[],H((ct2b(kem_ct_f(pk_kem(sk_eph_1),r_eph_1)),H((METHOD[],SUITES[],pk2b(pk_kem(sk_eph_1)),C_I[],EAD1[])))),EAD2[],sign(skR_sig[],(C_R[],ID_CRED_R[],H((ct2b(kem_ct_f(pk_kem(sk_eph_1),r_eph_1)),H((METHOD[],SUITES[],pk2b(pk_kem(sk_eph_1)),C_I[],EAD1[])))),EAD2[]))),ID_CRED_R[]))),kdf(extract(kdf(extract(H((ct2b(kem_ct_f(pk_kem(sk_eph_1),r_eph_1)),H((METHOD[],SUITES[],pk2b(pk_kem(sk_eph_1)),C_I[],EAD1[])))),ss2b(kem_ss_f(pk_kem(sk_eph_1),r_eph_1))),L1,H((ct2b(kem_ct_f(pk_kem(sk_eph_1),r_eph_1)),H((METHOD[],SUITES[],pk2b(pk_kem(sk_eph_1)),C_I[],EAD1[]))))),ss2b(kem_ss_f(pk_kem(skR_kem[]),r_R_1))),L4,H((H((ct2b(kem_ct_f(pk_kem(sk_eph_1),r_eph_1)),H((METHOD[],SUITES[],pk2b(pk_kem(sk_eph_1)),C_I[],EAD1[])))),(C_R[],ID_CRED_R[],H((ct2b(kem_ct_f(pk_kem(sk_eph_1),r_eph_1)),H((METHOD[],SUITES[],pk2b(pk_kem(sk_eph_1)),C_I[],EAD1[])))),EAD2[],sign(skR_sig[],(C_R[],ID_CRED_R[],H((ct2b(kem_ct_f(pk_kem(sk_eph_1),r_eph_1)),H((METHOD[],SUITES[],pk2b(pk_kem(sk_eph_1)),C_I[],EAD1[])))),EAD2[]))),ID_CRED_R[]))),H((H((ct2b(kem_ct_f(pk_kem(sk_eph_1),r_eph_1)),H((METHOD[],SUITES[],pk2b(pk_kem(sk_eph_1)),C_I[],EAD1[])))),(C_R[],ID_CRED_R[],H((ct2b(kem_ct_f(pk_kem(sk_eph_1),r_eph_1)),H((METHOD[],SUITES[],pk2b(pk_kem(sk_eph_1)),C_I[],EAD1[])))),EAD2[],sign(skR_sig[],(C_R[],ID_CRED_R[],H((ct2b(kem_ct_f(pk_kem(sk_eph_1),r_eph_1)),H((METHOD[],SUITES[],pk2b(pk_kem(sk_eph_1)),C_I[],EAD1[])))),EAD2[]))),ID_CRED_R[])),(ID_CRED_I[],sign(skI_sig[],(ID_CRED_I[],H((H((ct2b(kem_ct_f(pk_kem(sk_eph_1),r_eph_1)),H((METHOD[],SUITES[],pk2b(pk_kem(sk_eph_1)),C_I[],EAD1[])))),(C_R[],ID_CRED_R[],H((ct2b(kem_ct_f(pk_kem(sk_eph_1),r_eph_1)),H((METHOD[],SUITES[],pk2b(pk_kem(sk_eph_1)),C_I[],EAD1[])))),EAD2[],sign(skR_sig[],(C_R[],ID_CRED_R[],H((ct2b(kem_ct_f(pk_kem(sk_eph_1),r_eph_1)),H((METHOD[],SUITES[],pk2b(pk_kem(sk_eph_1)),C_I[],EAD1[])))),EAD2[]))),ID_CRED_R[])),EAD3[],kdf(extract(kdf(extract(H((ct2b(kem_ct_f(pk_kem(sk_eph_1),r_eph_1)),H((METHOD[],SUITES[],pk2b(pk_kem(sk_eph_1)),C_I[],EAD1[])))),ss2b(kem_ss_f(pk_kem(sk_eph_1),r_eph_1))),L1,H((ct2b(kem_ct_f(pk_kem(sk_eph_1),r_eph_1)),H((METHOD[],SUITES[],pk2b(pk_kem(sk_eph_1)),C_I[],EAD1[]))))),ss2b(kem_ss_f(pk_kem(skR_kem[]),r_R_1))),L6,(ID_CRED_I[],H((H((ct2b(kem_ct_f(pk_kem(sk_eph_1),r_eph_1)),H((METHOD[],SUITES[],pk2b(pk_kem(sk_eph_1)),C_I[],EAD1[])))),(C_R[],ID_CRED_R[],H((ct2b(kem_ct_f(pk_kem(sk_eph_1),r_eph_1)),H((METHOD[],SUITES[],pk2b(pk_kem(sk_eph_1)),C_I[],EAD1[])))),EAD2[],sign(skR_sig[],(C_R[],ID_CRED_R[],H((ct2b(kem_ct_f(pk_kem(sk_eph_1),r_eph_1)),H((METHOD[],SUITES[],pk2b(pk_kem(sk_eph_1)),C_I[],EAD1[])))),EAD2[]))),ID_CRED_R[])),EAD3[])))),EAD3[])),ct_R_1 = kem_ct_f(pk_kem(skR_kem[]),r_R_1),pk_eph_1 = pk_kem(sk_eph_1),!1 = @sid_1]
@occ39_1 = @occ39[CIPH2 = stream_enc(kdf(extract(H((ct2b(kem_ct_f(pk_kem(sk_eph_1),r_eph_1)),H((METHOD[],SUITES[],pk2b(pk_kem(sk_eph_1)),C_I[],EAD1[])))),ss2b(kem_ss_f(pk_kem(sk_eph_1),r_eph_1))),L0,H((ct2b(kem_ct_f(pk_kem(sk_eph_1),r_eph_1)),H((METHOD[],SUITES[],pk2b(pk_kem(sk_eph_1)),C_I[],EAD1[]))))),(C_R[],ID_CRED_R[],H((ct2b(kem_ct_f(pk_kem(sk_eph_1),r_eph_1)),H((METHOD[],SUITES[],pk2b(pk_kem(sk_eph_1)),C_I[],EAD1[])))),EAD2[],sign(skR_sig[],(C_R[],ID_CRED_R[],H((ct2b(kem_ct_f(pk_kem(sk_eph_1),r_eph_1)),H((METHOD[],SUITES[],pk2b(pk_kem(sk_eph_1)),C_I[],EAD1[])))),EAD2[])))),ct_eph = kem_ct_f(pk_kem(sk_eph_1),r_eph_1),!1 = @sid]
RESULT inj-event(E_STEP3_I_to_R(mac,msg,th)) ==> inj-event(S_STEP3_I_to_R(mac,msg,th)) is true.
-- Query not attacker(I[]) in process 1.
Translating the process into Horn clauses...
Completing...
200 rules inserted. Base: 163 rules (68 with conclusion selected). Queue: 14 rules.
Starting query not attacker(I[])
RESULT not attacker(I[]) is true.
-- Query not attacker(R[]) in process 1.
Translating the process into Horn clauses...
Completing...
200 rules inserted. Base: 163 rules (68 with conclusion selected). Queue: 14 rules.
Starting query not attacker(R[])
RESULT not attacker(R[]) is true.
-- Query not attacker(app_data1[]) in process 1.
Translating the process into Horn clauses...
Completing...
200 rules inserted. Base: 163 rules (68 with conclusion selected). Queue: 14 rules.
Starting query not attacker(app_data1[])
RESULT not attacker(app_data1[]) is true.
-- Query not attacker(app_data2[]) in process 1.
Translating the process into Horn clauses...
Completing...
200 rules inserted. Base: 163 rules (68 with conclusion selected). Queue: 14 rules.
Starting query not attacker(app_data2[])
RESULT not attacker(app_data2[]) is true.

--------------------------------------------------------------
Verification summary:

Query inj-event(E_STEP1_I_to_R(m)) ==> inj-event(S_STEP1_I_to_R(m)) is false.

Query inj-event(E_STEP2_R_to_I(mac,msg,th)) ==> inj-event(S_STEP2_R_to_I(mac,msg,th)) is true.

Query inj-event(E_STEP3_I_to_R(mac,msg,th)) ==> inj-event(S_STEP3_I_to_R(mac,msg,th)) is true.

Query not attacker(I[]) is true.

Query not attacker(R[]) is true.

Query not attacker(app_data1[]) is true.

Query not attacker(app_data2[]) is true.

--------------------------------------------------------------

